<?xml version="1.0" encoding="UTF-8"?>
<!-- Generated by org.testng.reporters.JUnitReportReporter -->
<testsuite skipped="0" hostname="Ashwins-MacBook-Pro.local" name="Academy.HomePage" tests="2" failures="0" timestamp="2021-03-01T15:57:22 GMT" time="7.462" errors="0">
  <testcase name="basePageNavigation" time="2.727" classname="Academy.HomePage"/>
  <system-out/>
  <testcase name="basePageNavigation" time="4.735" classname="Academy.HomePage"/>
  <system-out/>
</testsuite> <!-- Academy.HomePage -->
