<?xml version="1.0" encoding="UTF-8"?>
<!-- Generated by org.testng.reporters.JUnitReportReporter -->
<testsuite skipped="0" hostname="Ashwins-MacBook-Pro.local" name="Academy.ValidateTitle" tests="2" failures="0" timestamp="2021-03-01T15:57:22 GMT" time="5.108" errors="0">
  <testcase name="basePageNavigation" time="1.833" classname="Academy.ValidateTitle"/>
  <system-out/>
  <testcase name="basePageNavigation" time="3.275" classname="Academy.ValidateTitle"/>
  <system-out/>
</testsuite> <!-- Academy.ValidateTitle -->
